<?xml version="1.0" encoding="UTF-8"?>
<testsuite xmlns:xsi="http://www.w3.org/2001/XMLSchema-instance" xsi:noNamespaceSchemaLocation="https://maven.apache.org/surefire/maven-surefire-plugin/xsd/surefire-test-report.xsd" version="3.0.2" name="org.springframework.samples.petclinic.config.PetclinicConfigServerApplicationTests" time="2.083" tests="1" errors="0" skipped="0" failures="0">
  <properties>
[...]
</properties>
  <testcase name="contextLoads" classname="org.springframework.samples.petclinic.config.PetclinicConfigServerApplicationTests" time="0.529">
    <system-out><![CDATA[12:22:12.300 [main] INFO org.springframework.test.context.support.AnnotationConfigContextLoaderUtils -- Could not detect default configuration classes for test class [org.springframework.samples.petclinic.config.PetclinicConfigServerApplicationTests]: PetclinicConfigServerApplicationTests does not declare any static, non-private, non-final, nested classes annotated with @Configuration.
12:22:12.364 [main] INFO org.springframework.boot.test.context.SpringBootTestContextBootstrapper -- Found @SpringBootConfiguration org.springframework.samples.petclinic.config.ConfigServerApplication for test class org.springframework.samples.petclinic.config.PetclinicConfigServerApplicationTests

  .   ____          _            __ _ _
 /\\ / ___'_ __ _ _(_)_ __  __ _ \ \ \ \
( ( )\___ | '_ | '_| | '_ \/ _` | \ \ \ \
 \\/  ___)| |_)| | | | | || (_| |  ) ) ) )
  '  |____| .__|_| |_|_| |_\__, | / / / /
 =========|_|==============|___/=/_/_/_/
 :: Spring Boot ::                (v3.1.0)

2024-09-19T12:22:12.678Z  INFO 104 --- [           main] .c.PetclinicConfigServerApplicationTests : Starting PetclinicConfigServerApplicationTests using Java 17.0.12 with PID 104 (started by root in /cloudbees/workspace)
2024-09-19T12:22:12.679Z  INFO 104 --- [           main] .c.PetclinicConfigServerApplicationTests : No active profile set, falling back to 1 default profile: "default"
2024-09-19T12:22:13.190Z  INFO 104 --- [           main] o.s.cloud.context.scope.GenericScope     : BeanFactory id=4e2d1423-8160-399b-bce4-d0a994d1aff7
2024-09-19T12:22:13.296Z  WARN 104 --- [           main] o.s.security.core.userdetails.User       : User.withDefaultPasswordEncoder() is considered unsafe for production and is only intended for sample applications.
2024-09-19T12:22:13.466Z  INFO 104 --- [           main] o.s.s.web.DefaultSecurityFilterChain     : Will secure any request with [org.springframework.security.web.session.DisableEncodeUrlFilter@6d33a66e, org.springframework.security.web.context.request.async.WebAsyncManagerIntegrationFilter@2f14b0f6, org.springframework.security.web.context.SecurityContextHolderFilter@2a43e0ac, org.springframework.security.web.header.HeaderWriterFilter@748f93bb, org.springframework.security.web.csrf.CsrfFilter@109f8c7e, org.springframework.security.web.authentication.logout.LogoutFilter@47768e74, org.springframework.security.web.authentication.www.BasicAuthenticationFilter@7d17ee50, org.springframework.security.web.savedrequest.RequestCacheAwareFilter@346f41a9, org.springframework.security.web.servletapi.SecurityContextHolderAwareRequestFilter@1084f78c, org.springframework.security.web.authentication.AnonymousAuthenticationFilter@5b20706, org.springframework.security.web.access.ExceptionTranslationFilter@24eeac69, org.springframework.security.web.access.intercept.FilterSecurityInterceptor@72eb6200]
2024-09-19T12:22:13.620Z  INFO 104 --- [           main] o.s.b.a.w.s.WelcomePageHandlerMapping    : Adding welcome page: class path resource [static/index.html]
2024-09-19T12:22:13.737Z  INFO 104 --- [           main] .c.PetclinicConfigServerApplicationTests : Started PetclinicConfigServerApplicationTests in 1.284 seconds (process running for 1.952)
]]></system-out>
  </testcase>
</testsuite>